<?xml version="1.0" encoding="UTF-8"?>
<testsuite name="stqa.addressbook.tests.GroupModificationTests" tests="1" skipped="0" failures="0" errors="0" timestamp="2023-04-01T20:53:00" hostname="NB-PRIMIZENKIN.local" time="1.481">
  <properties/>
  <testcase name="groupModificationTest" classname="stqa.addressbook.tests.GroupModificationTests" time="1.481"/>
  <system-out><![CDATA[23:52:59.900 [Test worker] INFO  stqa.addressbook.tests.TestBase -- Start test groupModificationTest with parameters []
Hibernate: select groupdata0_.group_id as group_id1_1_, groupdata0_.group_footer as group_fo2_1_, groupdata0_.group_header as group_he3_1_, groupdata0_.group_name as group_na4_1_ from group_list groupdata0_
Hibernate: select groupdata0_.group_id as group_id1_1_, groupdata0_.group_footer as group_fo2_1_, groupdata0_.group_header as group_he3_1_, groupdata0_.group_name as group_na4_1_ from group_list groupdata0_
Hibernate: select groupdata0_.group_id as group_id1_1_, groupdata0_.group_footer as group_fo2_1_, groupdata0_.group_header as group_he3_1_, groupdata0_.group_name as group_na4_1_ from group_list groupdata0_
23:53:02.311 [Test worker] INFO  stqa.addressbook.tests.TestBase -- Stop test groupModificationTest
]]></system-out>
  <system-err><![CDATA[]]></system-err>
</testsuite>
