<?xml version="1.0" encoding="UTF-8"?>
<testsuite name="stqa.sandbox.PointTest" tests="3" skipped="0" failures="0" errors="0" timestamp="2023-04-15T11:52:14" hostname="NB-PRIMIZENKIN.local" time="0.006">
  <properties/>
  <testcase name="distanceTest" classname="stqa.sandbox.PointTest" time="0.003"/>
  <testcase name="negativeCoordinates" classname="stqa.sandbox.PointTest" time="0.0"/>
  <testcase name="zeroCoordinates" classname="stqa.sandbox.PointTest" time="0.0"/>
  <system-out><![CDATA[]]></system-out>
  <system-err><![CDATA[]]></system-err>
</testsuite>
