<?xml version="1.0" encoding="UTF-8"?>
<testsuite name="stqa.sandbox.PrimeTests" tests="3" skipped="0" failures="0" errors="0" timestamp="2023-04-15T11:52:14" hostname="NB-PRIMIZENKIN.local" time="4.625">
  <properties/>
  <testcase name="testNonPrime" classname="stqa.sandbox.PrimeTests" time="0.0"/>
  <testcase name="testPrime" classname="stqa.sandbox.PrimeTests" time="4.622"/>
  <testcase name="testPrimeFast" classname="stqa.sandbox.PrimeTests" time="0.002"/>
  <system-out><![CDATA[]]></system-out>
  <system-err><![CDATA[]]></system-err>
</testsuite>
