<?xml version="1.0" encoding="UTF-8"?>
<testsuite name="stqa.addressbook.tests.ContactCreationTests" tests="3" skipped="0" failures="0" errors="0" timestamp="2023-04-01T22:35:21" hostname="NB-PRIMIZENKIN.local" time="13.095">
  <properties/>
  <testcase name="testAddContactTests[0](ContactData{id=0, firstname='Name0', lastname='Surname0'})" classname="stqa.addressbook.tests.ContactCreationTests" time="5.105"/>
  <testcase name="testAddContactTests[1](ContactData{id=0, firstname='Name1', lastname='Surname1'})" classname="stqa.addressbook.tests.ContactCreationTests" time="4.004"/>
  <testcase name="testAddContactTests[2](ContactData{id=0, firstname='Name2', lastname='Surname2'})" classname="stqa.addressbook.tests.ContactCreationTests" time="3.972"/>
  <system-out><![CDATA[01:35:20.506 [Test worker] INFO  stqa.addressbook.tests.TestBase -- Start test testAddContactTests with parameters [ContactData{id=0, firstname='Name0', lastname='Surname0'}]
Hibernate: select groupdata0_.group_id as group_id1_2_, groupdata0_.group_footer as group_fo2_2_, groupdata0_.group_header as group_he3_2_, groupdata0_.group_name as group_na4_2_ from group_list groupdata0_
Hibernate: select contactdat0_.id as id1_1_, contactdat0_.address as address2_1_, contactdat0_.company as company3_1_, contactdat0_.email as email4_1_, contactdat0_.email2 as email5_1_, contactdat0_.email3 as email6_1_, contactdat0_.firstname as firstnam7_1_, contactdat0_.home as home8_1_, contactdat0_.phone2 as phone9_1_, contactdat0_.lastname as lastnam10_1_, contactdat0_.mobile as mobile11_1_, contactdat0_.photo as photo12_1_, contactdat0_.work as work13_1_ from addressbook contactdat0_
Hibernate: select contactdat0_.id as id1_1_, contactdat0_.address as address2_1_, contactdat0_.company as company3_1_, contactdat0_.email as email4_1_, contactdat0_.email2 as email5_1_, contactdat0_.email3 as email6_1_, contactdat0_.firstname as firstnam7_1_, contactdat0_.home as home8_1_, contactdat0_.phone2 as phone9_1_, contactdat0_.lastname as lastnam10_1_, contactdat0_.mobile as mobile11_1_, contactdat0_.photo as photo12_1_, contactdat0_.work as work13_1_ from addressbook contactdat0_
Hibernate: select groups0_.id as id1_0_0_, groups0_.group_id as group_id2_0_0_, groupdata1_.group_id as group_id1_2_1_, groupdata1_.group_footer as group_fo2_2_1_, groupdata1_.group_header as group_he3_2_1_, groupdata1_.group_name as group_na4_2_1_ from address_in_groups groups0_ inner join group_list groupdata1_ on groups0_.group_id=groupdata1_.group_id where groups0_.id=?
01:35:26.772 [Test worker] INFO  stqa.addressbook.tests.TestBase -- Stop test testAddContactTests
01:35:26.773 [Test worker] INFO  stqa.addressbook.tests.TestBase -- Start test testAddContactTests with parameters [ContactData{id=0, firstname='Name1', lastname='Surname1'}]
Hibernate: select groupdata0_.group_id as group_id1_2_, groupdata0_.group_footer as group_fo2_2_, groupdata0_.group_header as group_he3_2_, groupdata0_.group_name as group_na4_2_ from group_list groupdata0_
Hibernate: select contactdat0_.id as id1_1_, contactdat0_.address as address2_1_, contactdat0_.company as company3_1_, contactdat0_.email as email4_1_, contactdat0_.email2 as email5_1_, contactdat0_.email3 as email6_1_, contactdat0_.firstname as firstnam7_1_, contactdat0_.home as home8_1_, contactdat0_.phone2 as phone9_1_, contactdat0_.lastname as lastnam10_1_, contactdat0_.mobile as mobile11_1_, contactdat0_.photo as photo12_1_, contactdat0_.work as work13_1_ from addressbook contactdat0_
Hibernate: select groups0_.id as id1_0_0_, groups0_.group_id as group_id2_0_0_, groupdata1_.group_id as group_id1_2_1_, groupdata1_.group_footer as group_fo2_2_1_, groupdata1_.group_header as group_he3_2_1_, groupdata1_.group_name as group_na4_2_1_ from address_in_groups groups0_ inner join group_list groupdata1_ on groups0_.group_id=groupdata1_.group_id where groups0_.id=?
Hibernate: select contactdat0_.id as id1_1_, contactdat0_.address as address2_1_, contactdat0_.company as company3_1_, contactdat0_.email as email4_1_, contactdat0_.email2 as email5_1_, contactdat0_.email3 as email6_1_, contactdat0_.firstname as firstnam7_1_, contactdat0_.home as home8_1_, contactdat0_.phone2 as phone9_1_, contactdat0_.lastname as lastnam10_1_, contactdat0_.mobile as mobile11_1_, contactdat0_.photo as photo12_1_, contactdat0_.work as work13_1_ from addressbook contactdat0_
Hibernate: select groups0_.id as id1_0_0_, groups0_.group_id as group_id2_0_0_, groupdata1_.group_id as group_id1_2_1_, groupdata1_.group_footer as group_fo2_2_1_, groupdata1_.group_header as group_he3_2_1_, groupdata1_.group_name as group_na4_2_1_ from address_in_groups groups0_ inner join group_list groupdata1_ on groups0_.group_id=groupdata1_.group_id where groups0_.id=?
Hibernate: select groups0_.id as id1_0_0_, groups0_.group_id as group_id2_0_0_, groupdata1_.group_id as group_id1_2_1_, groupdata1_.group_footer as group_fo2_2_1_, groupdata1_.group_header as group_he3_2_1_, groupdata1_.group_name as group_na4_2_1_ from address_in_groups groups0_ inner join group_list groupdata1_ on groups0_.group_id=groupdata1_.group_id where groups0_.id=?
01:35:30.782 [Test worker] INFO  stqa.addressbook.tests.TestBase -- Stop test testAddContactTests
01:35:30.783 [Test worker] INFO  stqa.addressbook.tests.TestBase -- Start test testAddContactTests with parameters [ContactData{id=0, firstname='Name2', lastname='Surname2'}]
Hibernate: select groupdata0_.group_id as group_id1_2_, groupdata0_.group_footer as group_fo2_2_, groupdata0_.group_header as group_he3_2_, groupdata0_.group_name as group_na4_2_ from group_list groupdata0_
Hibernate: select contactdat0_.id as id1_1_, contactdat0_.address as address2_1_, contactdat0_.company as company3_1_, contactdat0_.email as email4_1_, contactdat0_.email2 as email5_1_, contactdat0_.email3 as email6_1_, contactdat0_.firstname as firstnam7_1_, contactdat0_.home as home8_1_, contactdat0_.phone2 as phone9_1_, contactdat0_.lastname as lastnam10_1_, contactdat0_.mobile as mobile11_1_, contactdat0_.photo as photo12_1_, contactdat0_.work as work13_1_ from addressbook contactdat0_
Hibernate: select groups0_.id as id1_0_0_, groups0_.group_id as group_id2_0_0_, groupdata1_.group_id as group_id1_2_1_, groupdata1_.group_footer as group_fo2_2_1_, groupdata1_.group_header as group_he3_2_1_, groupdata1_.group_name as group_na4_2_1_ from address_in_groups groups0_ inner join group_list groupdata1_ on groups0_.group_id=groupdata1_.group_id where groups0_.id=?
Hibernate: select groups0_.id as id1_0_0_, groups0_.group_id as group_id2_0_0_, groupdata1_.group_id as group_id1_2_1_, groupdata1_.group_footer as group_fo2_2_1_, groupdata1_.group_header as group_he3_2_1_, groupdata1_.group_name as group_na4_2_1_ from address_in_groups groups0_ inner join group_list groupdata1_ on groups0_.group_id=groupdata1_.group_id where groups0_.id=?
Hibernate: select contactdat0_.id as id1_1_, contactdat0_.address as address2_1_, contactdat0_.company as company3_1_, contactdat0_.email as email4_1_, contactdat0_.email2 as email5_1_, contactdat0_.email3 as email6_1_, contactdat0_.firstname as firstnam7_1_, contactdat0_.home as home8_1_, contactdat0_.phone2 as phone9_1_, contactdat0_.lastname as lastnam10_1_, contactdat0_.mobile as mobile11_1_, contactdat0_.photo as photo12_1_, contactdat0_.work as work13_1_ from addressbook contactdat0_
Hibernate: select groups0_.id as id1_0_0_, groups0_.group_id as group_id2_0_0_, groupdata1_.group_id as group_id1_2_1_, groupdata1_.group_footer as group_fo2_2_1_, groupdata1_.group_header as group_he3_2_1_, groupdata1_.group_name as group_na4_2_1_ from address_in_groups groups0_ inner join group_list groupdata1_ on groups0_.group_id=groupdata1_.group_id where groups0_.id=?
Hibernate: select groups0_.id as id1_0_0_, groups0_.group_id as group_id2_0_0_, groupdata1_.group_id as group_id1_2_1_, groupdata1_.group_footer as group_fo2_2_1_, groupdata1_.group_header as group_he3_2_1_, groupdata1_.group_name as group_na4_2_1_ from address_in_groups groups0_ inner join group_list groupdata1_ on groups0_.group_id=groupdata1_.group_id where groups0_.id=?
Hibernate: select groups0_.id as id1_0_0_, groups0_.group_id as group_id2_0_0_, groupdata1_.group_id as group_id1_2_1_, groupdata1_.group_footer as group_fo2_2_1_, groupdata1_.group_header as group_he3_2_1_, groupdata1_.group_name as group_na4_2_1_ from address_in_groups groups0_ inner join group_list groupdata1_ on groups0_.group_id=groupdata1_.group_id where groups0_.id=?
01:35:34.761 [Test worker] INFO  stqa.addressbook.tests.TestBase -- Stop test testAddContactTests
]]></system-out>
  <system-err><![CDATA[]]></system-err>
</testsuite>
